<?xml version="1.0" encoding="UTF-8"?>
<testsuite name="ru.netology.rest.PostmanEchoTest" tests="1" skipped="0" failures="0" errors="0" timestamp="2022-07-19T10:57:45" hostname="EUGENY" time="4.206">
  <properties/>
  <testcase name="shouldReturnJsonPath()" classname="ru.netology.rest.PostmanEchoTest" time="4.206"/>
  <system-out><![CDATA[]]></system-out>
  <system-err><![CDATA[]]></system-err>
</testsuite>
